0 info it worked if it ends with ok
1 verbose cli [ '/usr/bin/node', '/usr/bin/npm', 'run-script', 'build' ]
2 info using npm@3.5.2
3 info using node@v8.10.0
4 verbose run-script [ 'prebuild', 'build', 'postbuild' ]
5 info lifecycle mozilla-open-lab-backend@1.0.0~prebuild: mozilla-open-lab-backend@1.0.0
6 silly lifecycle mozilla-open-lab-backend@1.0.0~prebuild: no script for prebuild, continuing
7 info lifecycle mozilla-open-lab-backend@1.0.0~build: mozilla-open-lab-backend@1.0.0
8 verbose lifecycle mozilla-open-lab-backend@1.0.0~build: unsafe-perm in lifecycle true
9 verbose lifecycle mozilla-open-lab-backend@1.0.0~build: PATH: /usr/share/npm/bin/node-gyp-bin:/home/rahultarak12345/Twitter-Source-Bot/node_modules/.bin:/usr/bin:/bin
10 verbose lifecycle mozilla-open-lab-backend@1.0.0~build: CWD: /home/rahultarak12345/Twitter-Source-Bot
11 silly lifecycle mozilla-open-lab-backend@1.0.0~build: Args: [ '-c', 'nodemon server.js' ]
12 info lifecycle mozilla-open-lab-backend@1.0.0~build: Failed to exec build script
13 verbose stack Error: mozilla-open-lab-backend@1.0.0 build: `nodemon server.js`
13 verbose stack spawn ENOENT
13 verbose stack     at ChildProcess.<anonymous> (/usr/share/npm/lib/utils/spawn.js:17:16)
13 verbose stack     at emitTwo (events.js:126:13)
13 verbose stack     at ChildProcess.emit (events.js:214:7)
13 verbose stack     at maybeClose (internal/child_process.js:925:16)
13 verbose stack     at Process.ChildProcess._handle.onexit (internal/child_process.js:209:5)
14 verbose pkgid mozilla-open-lab-backend@1.0.0
15 verbose cwd /home/rahultarak12345/Twitter-Source-Bot
16 error Linux 5.3.0-1018-gcp
17 error argv "/usr/bin/node" "/usr/bin/npm" "run-script" "build"
18 error node v8.10.0
19 error npm  v3.5.2
20 error file sh
21 error code ELIFECYCLE
22 error errno ENOENT
23 error syscall spawn
24 error mozilla-open-lab-backend@1.0.0 build: `nodemon server.js`
24 error spawn ENOENT
25 error Failed at the mozilla-open-lab-backend@1.0.0 build script 'nodemon server.js'.
25 error Make sure you have the latest version of node.js and npm installed.
25 error If you do, this is most likely a problem with the mozilla-open-lab-backend package,
25 error not with npm itself.
25 error Tell the author that this fails on your system:
25 error     nodemon server.js
25 error You can get information on how to open an issue for this project with:
25 error     npm bugs mozilla-open-lab-backend
25 error Or if that isn't available, you can get their info via:
25 error     npm owner ls mozilla-open-lab-backend
25 error There is likely additional logging output above.
26 verbose exit [ 1, true ]
